<?xml version="1.0" encoding="UTF-8"?>
<!-- Generated by org.testng.reporters.JUnitReportReporter -->
<testsuite hostname="DESKTOP-7R5NJP9" name="com.qa.hupspot.tests.RegisterPageTest" tests="4" failures="0" timestamp="14 Aug 2021 19:19:24 GMT" time="6.891" errors="0">
  <testcase name="userRegistrationTest" time="1.677" classname="com.qa.hupspot.tests.RegisterPageTest"/>
  <testcase name="userRegistrationTest" time="1.416" classname="com.qa.hupspot.tests.RegisterPageTest"/>
  <testcase name="userRegistrationTest" time="2.162" classname="com.qa.hupspot.tests.RegisterPageTest"/>
  <testcase name="userRegistrationTest" time="1.636" classname="com.qa.hupspot.tests.RegisterPageTest"/>
</testsuite> <!-- com.qa.hupspot.tests.RegisterPageTest -->
