<?xml version="1.0" encoding="UTF-8"?>
<!-- Generated by org.testng.reporters.JUnitReportReporter -->
<testsuite hostname="DESKTOP-7R5NJP9" name="com.qa.hupspot.tests.LoginPageTest" tests="3" failures="0" timestamp="15 Aug 2021 06:43:38 GMT" time="1.925" errors="0">
  <testcase name="verifyLoginpPageTitelTest" time="0.117" classname="com.qa.hupspot.tests.LoginPageTest"/>
  <testcase name="verifyForgetPasswordLink" time="0.184" classname="com.qa.hupspot.tests.LoginPageTest"/>
  <testcase name="loginTest" time="1.624" classname="com.qa.hupspot.tests.LoginPageTest"/>
</testsuite> <!-- com.qa.hupspot.tests.LoginPageTest -->
