<?xml version="1.0" encoding="UTF-8"?>
<!-- Generated by org.testng.reporters.JUnitReportReporter -->
<testsuite hostname="DESKTOP-7R5NJP9" name="com.qa.hupspot.tests.AccountsPageTest" tests="5" failures="0" timestamp="15 Aug 2021 05:55:27 GMT" time="1.689" errors="0">
  <testcase name="verifyMyAccountsSectionCountTest" time="0.050" classname="com.qa.hupspot.tests.AccountsPageTest"/>
  <testcase name="verifyAccountPageHeaderTest" time="0.196" classname="com.qa.hupspot.tests.AccountsPageTest"/>
  <testcase name="searchTest" time="1.174" classname="com.qa.hupspot.tests.AccountsPageTest"/>
  <testcase name="verifyMyAccountsSectionList" time="0.173" classname="com.qa.hupspot.tests.AccountsPageTest"/>
  <testcase name="accountPageTitle" time="0.096" classname="com.qa.hupspot.tests.AccountsPageTest"/>
</testsuite> <!-- com.qa.hupspot.tests.AccountsPageTest -->
